{"/Users/cms7739/github/spreadsheet-db/frontend/src/App.tsx": {"path":"/Users/cms7739/github/spreadsheet-db/frontend/src/App.tsx","statementMap":{"0":{"start":{"line":8,"column":22},"end":{"line":19,"column":1}},"1":{"start":{"line":9,"column":2},"end":{"line":18,"column":4}}},"fnMap":{"0":{"name":"(anonymous_0)","decl":{"start":{"line":8,"column":22},"end":{"line":8,"column":23}},"loc":{"start":{"line":8,"column":28},"end":{"line":19,"column":1}},"line":8}},"branchMap":{},"s":{"0":1,"1":1},"f":{"0":1},"b":{},"_coverageSchema":"1a1c01bbd47fc00a2c39e90264f33305004495a9","hash":"b6e75a17f76789c357124f2bc350cfbc8385982d"}
,"/Users/cms7739/github/spreadsheet-db/frontend/src/api/api.ts": {"path":"/Users/cms7739/github/spreadsheet-db/frontend/src/api/api.ts","statementMap":{"0":{"start":{"line":4,"column":19},"end":{"line":6,"column":2}},"1":{"start":{"line":8,"column":25},"end":{"line":24,"column":1}},"2":{"start":{"line":9,"column":2},"end":{"line":9,"column":19}},"3":{"start":{"line":10,"column":2},"end":{"line":23,"column":3}},"4":{"start":{"line":11,"column":21},"end":{"line":11,"column":109}},"5":{"start":{"line":12,"column":4},"end":{"line":15,"column":6}},"6":{"start":{"line":17,"column":4},"end":{"line":21,"column":5}},"7":{"start":{"line":18,"column":6},"end":{"line":18,"column":53}},"8":{"start":{"line":20,"column":6},"end":{"line":20,"column":52}},"9":{"start":{"line":22,"column":4},"end":{"line":22,"column":16}},"10":{"start":{"line":26,"column":26},"end":{"line":44,"column":1}},"11":{"start":{"line":27,"column":2},"end":{"line":27,"column":19}},"12":{"start":{"line":28,"column":18},"end":{"line":32,"column":3}},"13":{"start":{"line":33,"column":2},"end":{"line":43,"column":3}},"14":{"start":{"line":34,"column":21},"end":{"line":34,"column":87}},"15":{"start":{"line":35,"column":4},"end":{"line":35,"column":25}},"16":{"start":{"line":37,"column":4},"end":{"line":41,"column":5}},"17":{"start":{"line":38,"column":6},"end":{"line":38,"column":53}},"18":{"start":{"line":40,"column":6},"end":{"line":40,"column":53}},"19":{"start":{"line":42,"column":4},"end":{"line":42,"column":16}},"20":{"start":{"line":46,"column":30},"end":{"line":63,"column":1}},"21":{"start":{"line":47,"column":2},"end":{"line":47,"column":19}},"22":{"start":{"line":48,"column":18},"end":{"line":51,"column":3}},"23":{"start":{"line":52,"column":2},"end":{"line":62,"column":3}},"24":{"start":{"line":53,"column":21},"end":{"line":53,"column":90}},"25":{"start":{"line":54,"column":4},"end":{"line":54,"column":25}},"26":{"start":{"line":56,"column":4},"end":{"line":60,"column":5}},"27":{"start":{"line":57,"column":6},"end":{"line":57,"column":53}},"28":{"start":{"line":59,"column":6},"end":{"line":59,"column":61}},"29":{"start":{"line":61,"column":4},"end":{"line":61,"column":16}}},"fnMap":{"0":{"name":"(anonymous_0)","decl":{"start":{"line":8,"column":25},"end":{"line":8,"column":26}},"loc":{"start":{"line":8,"column":148},"end":{"line":24,"column":1}},"line":8},"1":{"name":"(anonymous_1)","decl":{"start":{"line":26,"column":26},"end":{"line":26,"column":27}},"loc":{"start":{"line":26,"column":187},"end":{"line":44,"column":1}},"line":26},"2":{"name":"(anonymous_2)","decl":{"start":{"line":46,"column":30},"end":{"line":46,"column":31}},"loc":{"start":{"line":46,"column":170},"end":{"line":63,"column":1}},"line":46}},"branchMap":{"0":{"loc":{"start":{"line":5,"column":21},"end":{"line":5,"column":66}},"type":"binary-expr","locations":[{"start":{"line":5,"column":21},"end":{"line":5,"column":51}},{"start":{"line":5,"column":55},"end":{"line":5,"column":66}}],"line":5},"1":{"loc":{"start":{"line":5,"column":70},"end":{"line":5,"column":110}},"type":"binary-expr","locations":[{"start":{"line":5,"column":70},"end":{"line":5,"column":100}},{"start":{"line":5,"column":104},"end":{"line":5,"column":110}}],"line":5},"2":{"loc":{"start":{"line":17,"column":4},"end":{"line":21,"column":5}},"type":"if","locations":[{"start":{"line":17,"column":4},"end":{"line":21,"column":5}},{"start":{"line":19,"column":11},"end":{"line":21,"column":5}}],"line":17},"3":{"loc":{"start":{"line":37,"column":4},"end":{"line":41,"column":5}},"type":"if","locations":[{"start":{"line":37,"column":4},"end":{"line":41,"column":5}},{"start":{"line":39,"column":11},"end":{"line":41,"column":5}}],"line":37},"4":{"loc":{"start":{"line":56,"column":4},"end":{"line":60,"column":5}},"type":"if","locations":[{"start":{"line":56,"column":4},"end":{"line":60,"column":5}},{"start":{"line":58,"column":11},"end":{"line":60,"column":5}}],"line":56}},"s":{"0":4,"1":4,"2":3,"3":3,"4":3,"5":1,"6":2,"7":1,"8":1,"9":2,"10":4,"11":3,"12":3,"13":3,"14":3,"15":1,"16":2,"17":1,"18":1,"19":2,"20":4,"21":3,"22":3,"23":3,"24":3,"25":1,"26":2,"27":1,"28":1,"29":2},"f":{"0":3,"1":3,"2":3},"b":{"0":[4,4],"1":[4,4],"2":[1,1],"3":[1,1],"4":[1,1]},"_coverageSchema":"1a1c01bbd47fc00a2c39e90264f33305004495a9","hash":"ced44ec31796abcf1ef88c0e7a2cad47d96ef8bc"}
,"/Users/cms7739/github/spreadsheet-db/frontend/src/components/common/Header.tsx": {"path":"/Users/cms7739/github/spreadsheet-db/frontend/src/components/common/Header.tsx","statementMap":{"0":{"start":{"line":7,"column":12},"end":{"line":7,"column":94}},"1":{"start":{"line":15,"column":46},"end":{"line":80,"column":1}},"2":{"start":{"line":16,"column":34},"end":{"line":16,"column":68}},"3":{"start":{"line":18,"column":23},"end":{"line":21,"column":19}},"4":{"start":{"line":23,"column":24},"end":{"line":23,"column":47}},"5":{"start":{"line":25,"column":25},"end":{"line":27,"column":3}},"6":{"start":{"line":26,"column":4},"end":{"line":26,"column":37}},"7":{"start":{"line":29,"column":26},"end":{"line":31,"column":3}},"8":{"start":{"line":30,"column":4},"end":{"line":30,"column":22}},"9":{"start":{"line":33,"column":2},"end":{"line":79,"column":4}},"10":{"start":{"line":46,"column":29},"end":{"line":46,"column":52}},"11":{"start":{"line":57,"column":55},"end":{"line":57,"column":96}}},"fnMap":{"0":{"name":"(anonymous_0)","decl":{"start":{"line":15,"column":46},"end":{"line":15,"column":47}},"loc":{"start":{"line":15,"column":82},"end":{"line":80,"column":1}},"line":15},"1":{"name":"(anonymous_1)","decl":{"start":{"line":25,"column":25},"end":{"line":25,"column":26}},"loc":{"start":{"line":25,"column":67},"end":{"line":27,"column":3}},"line":25},"2":{"name":"(anonymous_2)","decl":{"start":{"line":29,"column":26},"end":{"line":29,"column":27}},"loc":{"start":{"line":29,"column":32},"end":{"line":31,"column":3}},"line":29},"3":{"name":"(anonymous_3)","decl":{"start":{"line":46,"column":18},"end":{"line":46,"column":19}},"loc":{"start":{"line":46,"column":29},"end":{"line":46,"column":52}},"line":46},"4":{"name":"(anonymous_4)","decl":{"start":{"line":57,"column":37},"end":{"line":57,"column":38}},"loc":{"start":{"line":57,"column":55},"end":{"line":57,"column":96}},"line":57}},"branchMap":{"0":{"loc":{"start":{"line":7,"column":12},"end":{"line":7,"column":94}},"type":"cond-expr","locations":[{"start":{"line":7,"column":44},"end":{"line":7,"column":82}},{"start":{"line":7,"column":85},"end":{"line":7,"column":94}}],"line":7},"1":{"loc":{"start":{"line":54,"column":11},"end":{"line":54,"column":110}},"type":"binary-expr","locations":[{"start":{"line":54,"column":11},"end":{"line":54,"column":14}},{"start":{"line":54,"column":18},"end":{"line":54,"column":110}}],"line":54},"2":{"loc":{"start":{"line":57,"column":55},"end":{"line":57,"column":96}},"type":"cond-expr","locations":[{"start":{"line":57,"column":66},"end":{"line":57,"column":83}},{"start":{"line":57,"column":86},"end":{"line":57,"column":96}}],"line":57},"3":{"loc":{"start":{"line":60,"column":63},"end":{"line":60,"column":101}},"type":"cond-expr","locations":[{"start":{"line":60,"column":79},"end":{"line":60,"column":96}},{"start":{"line":60,"column":99},"end":{"line":60,"column":101}}],"line":60}},"s":{"0":2,"1":2,"2":3,"3":3,"4":3,"5":3,"6":1,"7":3,"8":0,"9":3,"10":3,"11":3},"f":{"0":3,"1":1,"2":0,"3":3,"4":3},"b":{"0":[0,2],"1":[3,3],"2":[3,0],"3":[0,3]},"_coverageSchema":"1a1c01bbd47fc00a2c39e90264f33305004495a9","hash":"27459356e53196821438125b3fef00677fe72842"}
,"/Users/cms7739/github/spreadsheet-db/frontend/src/components/common/LoadingOverlay.tsx": {"path":"/Users/cms7739/github/spreadsheet-db/frontend/src/components/common/LoadingOverlay.tsx","statementMap":{"0":{"start":{"line":8,"column":54},"end":{"line":18,"column":1}},"1":{"start":{"line":9,"column":2},"end":{"line":11,"column":3}},"2":{"start":{"line":10,"column":4},"end":{"line":10,"column":16}},"3":{"start":{"line":13,"column":2},"end":{"line":17,"column":4}}},"fnMap":{"0":{"name":"(anonymous_0)","decl":{"start":{"line":8,"column":54},"end":{"line":8,"column":55}},"loc":{"start":{"line":8,"column":73},"end":{"line":18,"column":1}},"line":8}},"branchMap":{"0":{"loc":{"start":{"line":9,"column":2},"end":{"line":11,"column":3}},"type":"if","locations":[{"start":{"line":9,"column":2},"end":{"line":11,"column":3}},{"start":{},"end":{}}],"line":9}},"s":{"0":2,"1":2,"2":1,"3":1},"f":{"0":2},"b":{"0":[1,1]},"_coverageSchema":"1a1c01bbd47fc00a2c39e90264f33305004495a9","hash":"78254d3f3200ab470dbed947559953464fd85153"}
,"/Users/cms7739/github/spreadsheet-db/frontend/src/components/common/RemoveButtonRenderer.tsx": {"path":"/Users/cms7739/github/spreadsheet-db/frontend/src/components/common/RemoveButtonRenderer.tsx","statementMap":{"0":{"start":{"line":5,"column":29},"end":{"line":13,"column":1}},"1":{"start":{"line":6,"column":4},"end":{"line":12,"column":6}},"2":{"start":{"line":8,"column":35},"end":{"line":8,"column":71}}},"fnMap":{"0":{"name":"(anonymous_0)","decl":{"start":{"line":5,"column":29},"end":{"line":5,"column":30}},"loc":{"start":{"line":5,"column":61},"end":{"line":13,"column":1}},"line":5},"1":{"name":"(anonymous_1)","decl":{"start":{"line":8,"column":29},"end":{"line":8,"column":30}},"loc":{"start":{"line":8,"column":35},"end":{"line":8,"column":71}},"line":8}},"branchMap":{},"s":{"0":2,"1":2,"2":1},"f":{"0":2,"1":1},"b":{},"_coverageSchema":"1a1c01bbd47fc00a2c39e90264f33305004495a9","hash":"2239d7689371b054bd935cf1f0f61c51db2f75a8"}
,"/Users/cms7739/github/spreadsheet-db/frontend/src/components/common/ValidityRenderer.tsx": {"path":"/Users/cms7739/github/spreadsheet-db/frontend/src/components/common/ValidityRenderer.tsx","statementMap":{"0":{"start":{"line":3,"column":25},"end":{"line":8,"column":1}},"1":{"start":{"line":4,"column":20},"end":{"line":4,"column":38}},"2":{"start":{"line":5,"column":4},"end":{"line":7,"column":6}}},"fnMap":{"0":{"name":"(anonymous_0)","decl":{"start":{"line":3,"column":25},"end":{"line":3,"column":26}},"loc":{"start":{"line":3,"column":57},"end":{"line":8,"column":1}},"line":3}},"branchMap":{"0":{"loc":{"start":{"line":6,"column":15},"end":{"line":6,"column":44}},"type":"cond-expr","locations":[{"start":{"line":6,"column":25},"end":{"line":6,"column":32}},{"start":{"line":6,"column":35},"end":{"line":6,"column":44}}],"line":6}},"s":{"0":2,"1":2,"2":2},"f":{"0":2},"b":{"0":[1,1]},"_coverageSchema":"1a1c01bbd47fc00a2c39e90264f33305004495a9","hash":"bfc6d391b6eb9510a698d3f39686d46c2c0f9764"}
,"/Users/cms7739/github/spreadsheet-db/frontend/src/components/main/GenericGrid.tsx": {"path":"/Users/cms7739/github/spreadsheet-db/frontend/src/components/main/GenericGrid.tsx","statementMap":{"0":{"start":{"line":10,"column":20},"end":{"line":78,"column":1}},"1":{"start":{"line":22,"column":6},"end":{"line":22,"column":24}},"2":{"start":{"line":24,"column":34},"end":{"line":24,"column":58}},"3":{"start":{"line":25,"column":38},"end":{"line":25,"column":54}},"4":{"start":{"line":27,"column":2},"end":{"line":40,"column":16}},"5":{"start":{"line":28,"column":4},"end":{"line":28,"column":32}},"6":{"start":{"line":30,"column":25},"end":{"line":32,"column":5}},"7":{"start":{"line":31,"column":6},"end":{"line":31,"column":54}},"8":{"start":{"line":34,"column":4},"end":{"line":34,"column":52}},"9":{"start":{"line":35,"column":4},"end":{"line":35,"column":19}},"10":{"start":{"line":37,"column":4},"end":{"line":39,"column":6}},"11":{"start":{"line":38,"column":6},"end":{"line":38,"column":57}},"12":{"start":{"line":42,"column":30},"end":{"line":45,"column":3}},"13":{"start":{"line":43,"column":25},"end":{"line":43,"column":67}},"14":{"start":{"line":44,"column":4},"end":{"line":44,"column":35}},"15":{"start":{"line":47,"column":22},"end":{"line":50,"column":3}},"16":{"start":{"line":48,"column":4},"end":{"line":48,"column":36}},"17":{"start":{"line":49,"column":4},"end":{"line":49,"column":70}},"18":{"start":{"line":52,"column":2},"end":{"line":77,"column":4}},"19":{"start":{"line":69,"column":33},"end":{"line":69,"column":57}}},"fnMap":{"0":{"name":"(anonymous_0)","decl":{"start":{"line":10,"column":20},"end":{"line":10,"column":21}},"loc":{"start":{"line":10,"column":62},"end":{"line":78,"column":1}},"line":10},"1":{"name":"(anonymous_1)","decl":{"start":{"line":27,"column":12},"end":{"line":27,"column":13}},"loc":{"start":{"line":27,"column":18},"end":{"line":40,"column":3}},"line":27},"2":{"name":"(anonymous_2)","decl":{"start":{"line":30,"column":25},"end":{"line":30,"column":26}},"loc":{"start":{"line":30,"column":31},"end":{"line":32,"column":5}},"line":30},"3":{"name":"(anonymous_3)","decl":{"start":{"line":37,"column":11},"end":{"line":37,"column":12}},"loc":{"start":{"line":37,"column":17},"end":{"line":39,"column":5}},"line":37},"4":{"name":"(anonymous_4)","decl":{"start":{"line":42,"column":30},"end":{"line":42,"column":31}},"loc":{"start":{"line":42,"column":36},"end":{"line":45,"column":3}},"line":42},"5":{"name":"(anonymous_5)","decl":{"start":{"line":47,"column":22},"end":{"line":47,"column":23}},"loc":{"start":{"line":47,"column":39},"end":{"line":50,"column":3}},"line":47},"6":{"name":"(anonymous_6)","decl":{"start":{"line":69,"column":27},"end":{"line":69,"column":28}},"loc":{"start":{"line":69,"column":33},"end":{"line":69,"column":57}},"line":69}},"branchMap":{"0":{"loc":{"start":{"line":44,"column":16},"end":{"line":44,"column":33}},"type":"binary-expr","locations":[{"start":{"line":44,"column":16},"end":{"line":44,"column":28}},{"start":{"line":44,"column":32},"end":{"line":44,"column":33}}],"line":44},"1":{"loc":{"start":{"line":68,"column":9},"end":{"line":70,"column":9}},"type":"binary-expr","locations":[{"start":{"line":68,"column":9},"end":{"line":68,"column":23}},{"start":{"line":69,"column":10},"end":{"line":69,"column":72}}],"line":68}},"s":{"0":1,"1":0,"2":0,"3":0,"4":0,"5":0,"6":0,"7":0,"8":0,"9":0,"10":0,"11":0,"12":0,"13":0,"14":0,"15":0,"16":0,"17":0,"18":0,"19":0},"f":{"0":0,"1":0,"2":0,"3":0,"4":0,"5":0,"6":0},"b":{"0":[0,0],"1":[0,0]},"_coverageSchema":"1a1c01bbd47fc00a2c39e90264f33305004495a9","hash":"a6c4a0fc8edb1d4aa36e471566ba011a396ee4b8"}
,"/Users/cms7739/github/spreadsheet-db/frontend/src/hooks/useGrid.ts": {"path":"/Users/cms7739/github/spreadsheet-db/frontend/src/hooks/useGrid.ts","statementMap":{"0":{"start":{"line":11,"column":16},"end":{"line":304,"column":1}},"1":{"start":{"line":12,"column":32},"end":{"line":12,"column":55}},"2":{"start":{"line":13,"column":38},"end":{"line":13,"column":68}},"3":{"start":{"line":14,"column":32},"end":{"line":14,"column":78}},"4":{"start":{"line":15,"column":44},"end":{"line":15,"column":66}},"5":{"start":{"line":16,"column":46},"end":{"line":16,"column":61}},"6":{"start":{"line":17,"column":36},"end":{"line":17,"column":51}},"7":{"start":{"line":18,"column":21},"end":{"line":18,"column":49}},"8":{"start":{"line":19,"column":17},"end":{"line":19,"column":27}},"9":{"start":{"line":20,"column":23},"end":{"line":20,"column":59}},"10":{"start":{"line":22,"column":2},"end":{"line":30,"column":18}},"11":{"start":{"line":23,"column":4},"end":{"line":29,"column":6}},"12":{"start":{"line":24,"column":6},"end":{"line":28,"column":7}},"13":{"start":{"line":25,"column":8},"end":{"line":25,"column":80}},"14":{"start":{"line":26,"column":8},"end":{"line":26,"column":37}},"15":{"start":{"line":27,"column":8},"end":{"line":27,"column":27}},"16":{"start":{"line":32,"column":2},"end":{"line":101,"column":18}},"17":{"start":{"line":33,"column":4},"end":{"line":33,"column":84}},"18":{"start":{"line":34,"column":23},"end":{"line":34,"column":44}},"19":{"start":{"line":35,"column":4},"end":{"line":35,"column":56}},"20":{"start":{"line":37,"column":4},"end":{"line":37,"column":55}},"21":{"start":{"line":38,"column":4},"end":{"line":38,"column":23}},"22":{"start":{"line":39,"column":4},"end":{"line":94,"column":9}},"23":{"start":{"line":41,"column":8},"end":{"line":41,"column":85}},"24":{"start":{"line":42,"column":34},"end":{"line":42,"column":42}},"25":{"start":{"line":43,"column":41},"end":{"line":46,"column":11}},"26":{"start":{"line":43,"column":58},"end":{"line":46,"column":9}},"27":{"start":{"line":47,"column":8},"end":{"line":47,"column":50}},"28":{"start":{"line":47,"column":37},"end":{"line":47,"column":48}},"29":{"start":{"line":48,"column":8},"end":{"line":48,"column":34}},"30":{"start":{"line":50,"column":39},"end":{"line":64,"column":11}},"31":{"start":{"line":50,"column":69},"end":{"line":64,"column":9}},"32":{"start":{"line":62,"column":45},"end":{"line":62,"column":100}},"33":{"start":{"line":66,"column":8},"end":{"line":73,"column":11}},"34":{"start":{"line":75,"column":8},"end":{"line":83,"column":11}},"35":{"start":{"line":85,"column":8},"end":{"line":85,"column":28}},"36":{"start":{"line":86,"column":8},"end":{"line":86,"column":28}},"37":{"start":{"line":89,"column":8},"end":{"line":93,"column":9}},"38":{"start":{"line":90,"column":10},"end":{"line":90,"column":103}},"39":{"start":{"line":92,"column":10},"end":{"line":92,"column":86}},"40":{"start":{"line":96,"column":6},"end":{"line":100,"column":8}},"41":{"start":{"line":97,"column":8},"end":{"line":97,"column":84}},"42":{"start":{"line":98,"column":8},"end":{"line":98,"column":27}},"43":{"start":{"line":99,"column":8},"end":{"line":99,"column":27}},"44":{"start":{"line":103,"column":23},"end":{"line":129,"column":3}},"45":{"start":{"line":104,"column":24},"end":{"line":104,"column":60}},"46":{"start":{"line":105,"column":18},"end":{"line":105,"column":34}},"47":{"start":{"line":107,"column":19},"end":{"line":126,"column":36}},"48":{"start":{"line":108,"column":22},"end":{"line":108,"column":34}},"49":{"start":{"line":109,"column":8},"end":{"line":124,"column":9}},"50":{"start":{"line":110,"column":12},"end":{"line":121,"column":13}},"51":{"start":{"line":111,"column":16},"end":{"line":111,"column":55}},"52":{"start":{"line":113,"column":16},"end":{"line":120,"column":17}},"53":{"start":{"line":115,"column":24},"end":{"line":115,"column":43}},"54":{"start":{"line":116,"column":24},"end":{"line":116,"column":30}},"55":{"start":{"line":118,"column":24},"end":{"line":118,"column":42}},"56":{"start":{"line":119,"column":24},"end":{"line":119,"column":30}},"57":{"start":{"line":122,"column":15},"end":{"line":124,"column":9}},"58":{"start":{"line":123,"column":12},"end":{"line":123,"column":31}},"59":{"start":{"line":125,"column":8},"end":{"line":125,"column":19}},"60":{"start":{"line":128,"column":4},"end":{"line":128,"column":42}},"61":{"start":{"line":128,"column":23},"end":{"line":128,"column":40}},"62":{"start":{"line":131,"column":26},"end":{"line":141,"column":3}},"63":{"start":{"line":132,"column":23},"end":{"line":132,"column":37}},"64":{"start":{"line":133,"column":4},"end":{"line":133,"column":66}},"65":{"start":{"line":133,"column":23},"end":{"line":133,"column":64}},"66":{"start":{"line":133,"column":42},"end":{"line":133,"column":63}},"67":{"start":{"line":134,"column":4},"end":{"line":134,"column":63}},"68":{"start":{"line":134,"column":29},"end":{"line":134,"column":61}},"69":{"start":{"line":136,"column":4},"end":{"line":140,"column":7}},"70":{"start":{"line":137,"column":25},"end":{"line":137,"column":36}},"71":{"start":{"line":138,"column":6},"end":{"line":138,"column":36}},"72":{"start":{"line":139,"column":6},"end":{"line":139,"column":24}},"73":{"start":{"line":143,"column":23},"end":{"line":241,"column":3}},"74":{"start":{"line":144,"column":24},"end":{"line":144,"column":68}},"75":{"start":{"line":144,"column":46},"end":{"line":144,"column":67}},"76":{"start":{"line":145,"column":4},"end":{"line":148,"column":5}},"77":{"start":{"line":146,"column":6},"end":{"line":146,"column":59}},"78":{"start":{"line":147,"column":6},"end":{"line":147,"column":13}},"79":{"start":{"line":150,"column":4},"end":{"line":150,"column":45}},"80":{"start":{"line":151,"column":4},"end":{"line":151,"column":49}},"81":{"start":{"line":152,"column":4},"end":{"line":152,"column":77}},"82":{"start":{"line":154,"column":4},"end":{"line":154,"column":23}},"83":{"start":{"line":155,"column":23},"end":{"line":155,"column":28}},"84":{"start":{"line":156,"column":4},"end":{"line":240,"column":5}},"85":{"start":{"line":157,"column":6},"end":{"line":205,"column":7}},"86":{"start":{"line":158,"column":8},"end":{"line":158,"column":46}},"87":{"start":{"line":159,"column":29},"end":{"line":159,"column":136}},"88":{"start":{"line":160,"column":8},"end":{"line":160,"column":56}},"89":{"start":{"line":161,"column":8},"end":{"line":175,"column":9}},"90":{"start":{"line":162,"column":10},"end":{"line":162,"column":97}},"91":{"start":{"line":163,"column":30},"end":{"line":166,"column":13}},"92":{"start":{"line":163,"column":50},"end":{"line":166,"column":11}},"93":{"start":{"line":167,"column":10},"end":{"line":170,"column":15}},"94":{"start":{"line":167,"column":45},"end":{"line":170,"column":11}},"95":{"start":{"line":171,"column":10},"end":{"line":171,"column":43}},"96":{"start":{"line":172,"column":10},"end":{"line":172,"column":35}},"97":{"start":{"line":173,"column":10},"end":{"line":173,"column":31}},"98":{"start":{"line":174,"column":10},"end":{"line":174,"column":25}},"99":{"start":{"line":177,"column":8},"end":{"line":177,"column":49}},"100":{"start":{"line":178,"column":30},"end":{"line":178,"column":88}},"101":{"start":{"line":179,"column":29},"end":{"line":179,"column":96}},"102":{"start":{"line":180,"column":8},"end":{"line":180,"column":61}},"103":{"start":{"line":182,"column":8},"end":{"line":202,"column":9}},"104":{"start":{"line":183,"column":24},"end":{"line":183,"column":86}},"105":{"start":{"line":183,"column":66},"end":{"line":183,"column":84}},"106":{"start":{"line":184,"column":30},"end":{"line":194,"column":48}},"107":{"start":{"line":185,"column":12},"end":{"line":185,"column":59}},"108":{"start":{"line":187,"column":12},"end":{"line":192,"column":13}},"109":{"start":{"line":188,"column":28},"end":{"line":188,"column":45}},"110":{"start":{"line":189,"column":14},"end":{"line":191,"column":15}},"111":{"start":{"line":190,"column":16},"end":{"line":190,"column":45}},"112":{"start":{"line":193,"column":12},"end":{"line":193,"column":23}},"113":{"start":{"line":194,"column":27},"end":{"line":194,"column":47}},"114":{"start":{"line":195,"column":10},"end":{"line":198,"column":15}},"115":{"start":{"line":195,"column":45},"end":{"line":198,"column":11}},"116":{"start":{"line":199,"column":10},"end":{"line":199,"column":38}},"117":{"start":{"line":201,"column":10},"end":{"line":201,"column":77}},"118":{"start":{"line":203,"column":8},"end":{"line":203,"column":29}},"119":{"start":{"line":204,"column":8},"end":{"line":204,"column":23}},"120":{"start":{"line":207,"column":6},"end":{"line":207,"column":59}},"121":{"start":{"line":208,"column":6},"end":{"line":215,"column":7}},"122":{"start":{"line":209,"column":8},"end":{"line":209,"column":47}},"123":{"start":{"line":210,"column":8},"end":{"line":210,"column":28}},"124":{"start":{"line":212,"column":8},"end":{"line":212,"column":51}},"125":{"start":{"line":213,"column":8},"end":{"line":213,"column":53}},"126":{"start":{"line":214,"column":8},"end":{"line":214,"column":28}},"127":{"start":{"line":217,"column":6},"end":{"line":217,"column":49}},"128":{"start":{"line":218,"column":6},"end":{"line":218,"column":26}},"129":{"start":{"line":219,"column":6},"end":{"line":219,"column":31}},"130":{"start":{"line":220,"column":6},"end":{"line":239,"column":7}},"131":{"start":{"line":221,"column":8},"end":{"line":221,"column":54}},"132":{"start":{"line":222,"column":8},"end":{"line":238,"column":13}},"133":{"start":{"line":224,"column":32},"end":{"line":227,"column":15}},"134":{"start":{"line":224,"column":58},"end":{"line":227,"column":13}},"135":{"start":{"line":228,"column":12},"end":{"line":228,"column":36}},"136":{"start":{"line":229,"column":12},"end":{"line":229,"column":32}},"137":{"start":{"line":232,"column":12},"end":{"line":232,"column":56}},"138":{"start":{"line":233,"column":12},"end":{"line":237,"column":13}},"139":{"start":{"line":234,"column":14},"end":{"line":234,"column":69}},"140":{"start":{"line":236,"column":14},"end":{"line":236,"column":80}},"141":{"start":{"line":243,"column":27},"end":{"line":272,"column":3}},"142":{"start":{"line":244,"column":17},"end":{"line":244,"column":66}},"143":{"start":{"line":245,"column":4},"end":{"line":248,"column":5}},"144":{"start":{"line":246,"column":6},"end":{"line":246,"column":26}},"145":{"start":{"line":247,"column":6},"end":{"line":247,"column":13}},"146":{"start":{"line":249,"column":4},"end":{"line":249,"column":23}},"147":{"start":{"line":250,"column":4},"end":{"line":270,"column":5}},"148":{"start":{"line":251,"column":32},"end":{"line":251,"column":65}},"149":{"start":{"line":252,"column":6},"end":{"line":264,"column":7}},"150":{"start":{"line":253,"column":30},"end":{"line":257,"column":11}},"151":{"start":{"line":253,"column":47},"end":{"line":257,"column":9}},"152":{"start":{"line":258,"column":8},"end":{"line":258,"column":34}},"153":{"start":{"line":259,"column":8},"end":{"line":259,"column":32}},"154":{"start":{"line":260,"column":8},"end":{"line":260,"column":29}},"155":{"start":{"line":261,"column":8},"end":{"line":261,"column":23}},"156":{"start":{"line":263,"column":8},"end":{"line":263,"column":53}},"157":{"start":{"line":266,"column":6},"end":{"line":266,"column":56}},"158":{"start":{"line":267,"column":6},"end":{"line":267,"column":61}},"159":{"start":{"line":269,"column":6},"end":{"line":269,"column":26}},"160":{"start":{"line":271,"column":4},"end":{"line":271,"column":28}},"161":{"start":{"line":274,"column":29},"end":{"line":290,"column":3}},"162":{"start":{"line":275,"column":24},"end":{"line":275,"column":44}},"163":{"start":{"line":276,"column":27},"end":{"line":276,"column":61}},"164":{"start":{"line":277,"column":27},"end":{"line":282,"column":6}},"165":{"start":{"line":278,"column":8},"end":{"line":280,"column":9}},"166":{"start":{"line":279,"column":12},"end":{"line":279,"column":56}},"167":{"start":{"line":281,"column":8},"end":{"line":281,"column":19}},"168":{"start":{"line":283,"column":4},"end":{"line":283,"column":31}},"169":{"start":{"line":284,"column":4},"end":{"line":284,"column":55}},"170":{"start":{"line":284,"column":24},"end":{"line":284,"column":52}},"171":{"start":{"line":285,"column":4},"end":{"line":289,"column":10}},"172":{"start":{"line":286,"column":8},"end":{"line":288,"column":9}},"173":{"start":{"line":287,"column":12},"end":{"line":287,"column":73}},"174":{"start":{"line":292,"column":2},"end":{"line":303,"column":4}}},"fnMap":{"0":{"name":"(anonymous_0)","decl":{"start":{"line":11,"column":16},"end":{"line":11,"column":17}},"loc":{"start":{"line":11,"column":39},"end":{"line":304,"column":1}},"line":11},"1":{"name":"(anonymous_1)","decl":{"start":{"line":22,"column":12},"end":{"line":22,"column":13}},"loc":{"start":{"line":22,"column":18},"end":{"line":30,"column":3}},"line":22},"2":{"name":"(anonymous_2)","decl":{"start":{"line":23,"column":11},"end":{"line":23,"column":12}},"loc":{"start":{"line":23,"column":17},"end":{"line":29,"column":5}},"line":23},"3":{"name":"(anonymous_3)","decl":{"start":{"line":32,"column":12},"end":{"line":32,"column":13}},"loc":{"start":{"line":32,"column":18},"end":{"line":101,"column":3}},"line":32},"4":{"name":"(anonymous_4)","decl":{"start":{"line":40,"column":12},"end":{"line":40,"column":13}},"loc":{"start":{"line":40,"column":24},"end":{"line":87,"column":7}},"line":40},"5":{"name":"(anonymous_5)","decl":{"start":{"line":43,"column":50},"end":{"line":43,"column":51}},"loc":{"start":{"line":43,"column":58},"end":{"line":46,"column":9}},"line":43},"6":{"name":"(anonymous_6)","decl":{"start":{"line":47,"column":27},"end":{"line":47,"column":28}},"loc":{"start":{"line":47,"column":37},"end":{"line":47,"column":48}},"line":47},"7":{"name":"(anonymous_7)","decl":{"start":{"line":50,"column":51},"end":{"line":50,"column":52}},"loc":{"start":{"line":50,"column":69},"end":{"line":64,"column":9}},"line":50},"8":{"name":"(anonymous_8)","decl":{"start":{"line":62,"column":28},"end":{"line":62,"column":29}},"loc":{"start":{"line":62,"column":45},"end":{"line":62,"column":100}},"line":62},"9":{"name":"(anonymous_9)","decl":{"start":{"line":88,"column":13},"end":{"line":88,"column":14}},"loc":{"start":{"line":88,"column":22},"end":{"line":94,"column":7}},"line":88},"10":{"name":"(anonymous_10)","decl":{"start":{"line":96,"column":13},"end":{"line":96,"column":14}},"loc":{"start":{"line":96,"column":19},"end":{"line":100,"column":7}},"line":96},"11":{"name":"(anonymous_11)","decl":{"start":{"line":103,"column":23},"end":{"line":103,"column":24}},"loc":{"start":{"line":103,"column":29},"end":{"line":129,"column":3}},"line":103},"12":{"name":"(anonymous_12)","decl":{"start":{"line":107,"column":37},"end":{"line":107,"column":38}},"loc":{"start":{"line":107,"column":63},"end":{"line":126,"column":5}},"line":107},"13":{"name":"(anonymous_13)","decl":{"start":{"line":128,"column":15},"end":{"line":128,"column":16}},"loc":{"start":{"line":128,"column":23},"end":{"line":128,"column":40}},"line":128},"14":{"name":"(anonymous_14)","decl":{"start":{"line":131,"column":26},"end":{"line":131,"column":27}},"loc":{"start":{"line":131,"column":59},"end":{"line":141,"column":3}},"line":131},"15":{"name":"(anonymous_15)","decl":{"start":{"line":133,"column":15},"end":{"line":133,"column":16}},"loc":{"start":{"line":133,"column":23},"end":{"line":133,"column":64}},"line":133},"16":{"name":"(anonymous_16)","decl":{"start":{"line":133,"column":35},"end":{"line":133,"column":36}},"loc":{"start":{"line":133,"column":42},"end":{"line":133,"column":63}},"line":133},"17":{"name":"(anonymous_17)","decl":{"start":{"line":134,"column":21},"end":{"line":134,"column":22}},"loc":{"start":{"line":134,"column":29},"end":{"line":134,"column":61}},"line":134},"18":{"name":"(anonymous_18)","decl":{"start":{"line":136,"column":15},"end":{"line":136,"column":16}},"loc":{"start":{"line":136,"column":23},"end":{"line":140,"column":5}},"line":136},"19":{"name":"(anonymous_19)","decl":{"start":{"line":143,"column":23},"end":{"line":143,"column":24}},"loc":{"start":{"line":143,"column":35},"end":{"line":241,"column":3}},"line":143},"20":{"name":"(anonymous_20)","decl":{"start":{"line":144,"column":39},"end":{"line":144,"column":40}},"loc":{"start":{"line":144,"column":46},"end":{"line":144,"column":67}},"line":144},"21":{"name":"(anonymous_21)","decl":{"start":{"line":163,"column":42},"end":{"line":163,"column":43}},"loc":{"start":{"line":163,"column":50},"end":{"line":166,"column":11}},"line":163},"22":{"name":"(anonymous_22)","decl":{"start":{"line":167,"column":37},"end":{"line":167,"column":38}},"loc":{"start":{"line":167,"column":45},"end":{"line":170,"column":11}},"line":167},"23":{"name":"(anonymous_23)","decl":{"start":{"line":183,"column":61},"end":{"line":183,"column":62}},"loc":{"start":{"line":183,"column":66},"end":{"line":183,"column":84}},"line":183},"24":{"name":"(anonymous_24)","decl":{"start":{"line":184,"column":45},"end":{"line":184,"column":46}},"loc":{"start":{"line":185,"column":12},"end":{"line":185,"column":59}},"line":185},"25":{"name":"(anonymous_25)","decl":{"start":{"line":186,"column":16},"end":{"line":186,"column":17}},"loc":{"start":{"line":186,"column":23},"end":{"line":194,"column":11}},"line":186},"26":{"name":"(anonymous_26)","decl":{"start":{"line":194,"column":20},"end":{"line":194,"column":21}},"loc":{"start":{"line":194,"column":27},"end":{"line":194,"column":47}},"line":194},"27":{"name":"(anonymous_27)","decl":{"start":{"line":195,"column":37},"end":{"line":195,"column":38}},"loc":{"start":{"line":195,"column":45},"end":{"line":198,"column":11}},"line":195},"28":{"name":"(anonymous_28)","decl":{"start":{"line":223,"column":16},"end":{"line":223,"column":17}},"loc":{"start":{"line":223,"column":28},"end":{"line":230,"column":11}},"line":223},"29":{"name":"(anonymous_29)","decl":{"start":{"line":224,"column":50},"end":{"line":224,"column":51}},"loc":{"start":{"line":224,"column":58},"end":{"line":227,"column":13}},"line":224},"30":{"name":"(anonymous_30)","decl":{"start":{"line":231,"column":19},"end":{"line":231,"column":20}},"loc":{"start":{"line":231,"column":28},"end":{"line":238,"column":11}},"line":231},"31":{"name":"(anonymous_31)","decl":{"start":{"line":243,"column":27},"end":{"line":243,"column":28}},"loc":{"start":{"line":243,"column":75},"end":{"line":272,"column":3}},"line":243},"32":{"name":"(anonymous_32)","decl":{"start":{"line":253,"column":39},"end":{"line":253,"column":40}},"loc":{"start":{"line":253,"column":47},"end":{"line":257,"column":9}},"line":253},"33":{"name":"(anonymous_33)","decl":{"start":{"line":274,"column":29},"end":{"line":274,"column":30}},"loc":{"start":{"line":274,"column":71},"end":{"line":290,"column":3}},"line":274},"34":{"name":"(anonymous_34)","decl":{"start":{"line":277,"column":39},"end":{"line":277,"column":40}},"loc":{"start":{"line":277,"column":46},"end":{"line":282,"column":5}},"line":277},"35":{"name":"(anonymous_35)","decl":{"start":{"line":284,"column":15},"end":{"line":284,"column":16}},"loc":{"start":{"line":284,"column":24},"end":{"line":284,"column":52}},"line":284},"36":{"name":"(anonymous_36)","decl":{"start":{"line":285,"column":15},"end":{"line":285,"column":16}},"loc":{"start":{"line":285,"column":21},"end":{"line":289,"column":5}},"line":285}},"branchMap":{"0":{"loc":{"start":{"line":24,"column":6},"end":{"line":28,"column":7}},"type":"if","locations":[{"start":{"line":24,"column":6},"end":{"line":28,"column":7}},{"start":{},"end":{}}],"line":24},"1":{"loc":{"start":{"line":56,"column":24},"end":{"line":59,"column":78}},"type":"cond-expr","locations":[{"start":{"line":56,"column":69},"end":{"line":56,"column":77}},{"start":{"line":57,"column":24},"end":{"line":59,"column":78}}],"line":56},"2":{"loc":{"start":{"line":57,"column":24},"end":{"line":59,"column":78}},"type":"cond-expr","locations":[{"start":{"line":57,"column":60},"end":{"line":57,"column":66}},{"start":{"line":58,"column":24},"end":{"line":59,"column":78}}],"line":57},"3":{"loc":{"start":{"line":58,"column":24},"end":{"line":59,"column":78}},"type":"cond-expr","locations":[{"start":{"line":58,"column":60},"end":{"line":58,"column":69}},{"start":{"line":59,"column":24},"end":{"line":59,"column":78}}],"line":58},"4":{"loc":{"start":{"line":59,"column":24},"end":{"line":59,"column":78}},"type":"cond-expr","locations":[{"start":{"line":59,"column":57},"end":{"line":59,"column":69}},{"start":{"line":59,"column":72},"end":{"line":59,"column":78}}],"line":59},"5":{"loc":{"start":{"line":89,"column":8},"end":{"line":93,"column":9}},"type":"if","locations":[{"start":{"line":89,"column":8},"end":{"line":93,"column":9}},{"start":{"line":91,"column":15},"end":{"line":93,"column":9}}],"line":89},"6":{"loc":{"start":{"line":109,"column":8},"end":{"line":124,"column":9}},"type":"if","locations":[{"start":{"line":109,"column":8},"end":{"line":124,"column":9}},{"start":{"line":122,"column":15},"end":{"line":124,"column":9}}],"line":109},"7":{"loc":{"start":{"line":109,"column":12},"end":{"line":109,"column":80}},"type":"binary-expr","locations":[{"start":{"line":109,"column":12},"end":{"line":109,"column":17}},{"start":{"line":109,"column":21},"end":{"line":109,"column":35}},{"start":{"line":109,"column":39},"end":{"line":109,"column":58}},{"start":{"line":109,"column":62},"end":{"line":109,"column":80}}],"line":109},"8":{"loc":{"start":{"line":110,"column":12},"end":{"line":121,"column":13}},"type":"if","locations":[{"start":{"line":110,"column":12},"end":{"line":121,"column":13}},{"start":{"line":112,"column":19},"end":{"line":121,"column":13}}],"line":110},"9":{"loc":{"start":{"line":110,"column":16},"end":{"line":110,"column":49}},"type":"binary-expr","locations":[{"start":{"line":110,"column":16},"end":{"line":110,"column":27}},{"start":{"line":110,"column":31},"end":{"line":110,"column":49}}],"line":110},"10":{"loc":{"start":{"line":113,"column":16},"end":{"line":120,"column":17}},"type":"switch","locations":[{"start":{"line":114,"column":20},"end":{"line":116,"column":30}},{"start":{"line":117,"column":20},"end":{"line":119,"column":30}}],"line":113},"11":{"loc":{"start":{"line":122,"column":15},"end":{"line":124,"column":9}},"type":"if","locations":[{"start":{"line":122,"column":15},"end":{"line":124,"column":9}},{"start":{},"end":{}}],"line":122},"12":{"loc":{"start":{"line":145,"column":4},"end":{"line":148,"column":5}},"type":"if","locations":[{"start":{"line":145,"column":4},"end":{"line":148,"column":5}},{"start":{},"end":{}}],"line":145},"13":{"loc":{"start":{"line":157,"column":6},"end":{"line":205,"column":7}},"type":"if","locations":[{"start":{"line":157,"column":6},"end":{"line":205,"column":7}},{"start":{"line":176,"column":13},"end":{"line":205,"column":7}}],"line":157},"14":{"loc":{"start":{"line":161,"column":8},"end":{"line":175,"column":9}},"type":"if","locations":[{"start":{"line":161,"column":8},"end":{"line":175,"column":9}},{"start":{},"end":{}}],"line":161},"15":{"loc":{"start":{"line":182,"column":8},"end":{"line":202,"column":9}},"type":"if","locations":[{"start":{"line":182,"column":8},"end":{"line":202,"column":9}},{"start":{"line":200,"column":15},"end":{"line":202,"column":9}}],"line":182},"16":{"loc":{"start":{"line":182,"column":12},"end":{"line":182,"column":52}},"type":"binary-expr","locations":[{"start":{"line":182,"column":12},"end":{"line":182,"column":24}},{"start":{"line":182,"column":28},"end":{"line":182,"column":52}}],"line":182},"17":{"loc":{"start":{"line":185,"column":12},"end":{"line":185,"column":59}},"type":"binary-expr","locations":[{"start":{"line":185,"column":12},"end":{"line":185,"column":22}},{"start":{"line":185,"column":27},"end":{"line":185,"column":37}},{"start":{"line":185,"column":41},"end":{"line":185,"column":58}}],"line":185},"18":{"loc":{"start":{"line":187,"column":12},"end":{"line":192,"column":13}},"type":"if","locations":[{"start":{"line":187,"column":12},"end":{"line":192,"column":13}},{"start":{},"end":{}}],"line":187},"19":{"loc":{"start":{"line":187,"column":16},"end":{"line":187,"column":47}},"type":"binary-expr","locations":[{"start":{"line":187,"column":16},"end":{"line":187,"column":26}},{"start":{"line":187,"column":30},"end":{"line":187,"column":47}}],"line":187},"20":{"loc":{"start":{"line":189,"column":14},"end":{"line":191,"column":15}},"type":"if","locations":[{"start":{"line":189,"column":14},"end":{"line":191,"column":15}},{"start":{},"end":{}}],"line":189},"21":{"loc":{"start":{"line":208,"column":6},"end":{"line":215,"column":7}},"type":"if","locations":[{"start":{"line":208,"column":6},"end":{"line":215,"column":7}},{"start":{"line":211,"column":13},"end":{"line":215,"column":7}}],"line":208},"22":{"loc":{"start":{"line":220,"column":6},"end":{"line":239,"column":7}},"type":"if","locations":[{"start":{"line":220,"column":6},"end":{"line":239,"column":7}},{"start":{},"end":{}}],"line":220},"23":{"loc":{"start":{"line":233,"column":12},"end":{"line":237,"column":13}},"type":"if","locations":[{"start":{"line":233,"column":12},"end":{"line":237,"column":13}},{"start":{"line":235,"column":19},"end":{"line":237,"column":13}}],"line":233},"24":{"loc":{"start":{"line":244,"column":17},"end":{"line":244,"column":66}},"type":"cond-expr","locations":[{"start":{"line":244,"column":38},"end":{"line":244,"column":59}},{"start":{"line":244,"column":62},"end":{"line":244,"column":66}}],"line":244},"25":{"loc":{"start":{"line":245,"column":4},"end":{"line":248,"column":5}},"type":"if","locations":[{"start":{"line":245,"column":4},"end":{"line":248,"column":5}},{"start":{},"end":{}}],"line":245},"26":{"loc":{"start":{"line":252,"column":6},"end":{"line":264,"column":7}},"type":"if","locations":[{"start":{"line":252,"column":6},"end":{"line":264,"column":7}},{"start":{"line":262,"column":13},"end":{"line":264,"column":7}}],"line":252},"27":{"loc":{"start":{"line":278,"column":8},"end":{"line":280,"column":9}},"type":"if","locations":[{"start":{"line":278,"column":8},"end":{"line":280,"column":9}},{"start":{},"end":{}}],"line":278},"28":{"loc":{"start":{"line":286,"column":8},"end":{"line":288,"column":9}},"type":"if","locations":[{"start":{"line":286,"column":8},"end":{"line":288,"column":9}},{"start":{},"end":{}}],"line":286}},"s":{"0":1,"1":0,"2":0,"3":0,"4":0,"5":0,"6":0,"7":0,"8":0,"9":0,"10":0,"11":0,"12":0,"13":0,"14":0,"15":0,"16":0,"17":0,"18":0,"19":0,"20":0,"21":0,"22":0,"23":0,"24":0,"25":0,"26":0,"27":0,"28":0,"29":0,"30":0,"31":0,"32":0,"33":0,"34":0,"35":0,"36":0,"37":0,"38":0,"39":0,"40":0,"41":0,"42":0,"43":0,"44":0,"45":0,"46":0,"47":0,"48":0,"49":0,"50":0,"51":0,"52":0,"53":0,"54":0,"55":0,"56":0,"57":0,"58":0,"59":0,"60":0,"61":0,"62":0,"63":0,"64":0,"65":0,"66":0,"67":0,"68":0,"69":0,"70":0,"71":0,"72":0,"73":0,"74":0,"75":0,"76":0,"77":0,"78":0,"79":0,"80":0,"81":0,"82":0,"83":0,"84":0,"85":0,"86":0,"87":0,"88":0,"89":0,"90":0,"91":0,"92":0,"93":0,"94":0,"95":0,"96":0,"97":0,"98":0,"99":0,"100":0,"101":0,"102":0,"103":0,"104":0,"105":0,"106":0,"107":0,"108":0,"109":0,"110":0,"111":0,"112":0,"113":0,"114":0,"115":0,"116":0,"117":0,"118":0,"119":0,"120":0,"121":0,"122":0,"123":0,"124":0,"125":0,"126":0,"127":0,"128":0,"129":0,"130":0,"131":0,"132":0,"133":0,"134":0,"135":0,"136":0,"137":0,"138":0,"139":0,"140":0,"141":0,"142":0,"143":0,"144":0,"145":0,"146":0,"147":0,"148":0,"149":0,"150":0,"151":0,"152":0,"153":0,"154":0,"155":0,"156":0,"157":0,"158":0,"159":0,"160":0,"161":0,"162":0,"163":0,"164":0,"165":0,"166":0,"167":0,"168":0,"169":0,"170":0,"171":0,"172":0,"173":0,"174":0},"f":{"0":0,"1":0,"2":0,"3":0,"4":0,"5":0,"6":0,"7":0,"8":0,"9":0,"10":0,"11":0,"12":0,"13":0,"14":0,"15":0,"16":0,"17":0,"18":0,"19":0,"20":0,"21":0,"22":0,"23":0,"24":0,"25":0,"26":0,"27":0,"28":0,"29":0,"30":0,"31":0,"32":0,"33":0,"34":0,"35":0,"36":0},"b":{"0":[0,0],"1":[0,0],"2":[0,0],"3":[0,0],"4":[0,0],"5":[0,0],"6":[0,0],"7":[0,0,0,0],"8":[0,0],"9":[0,0],"10":[0,0],"11":[0,0],"12":[0,0],"13":[0,0],"14":[0,0],"15":[0,0],"16":[0,0],"17":[0,0,0],"18":[0,0],"19":[0,0],"20":[0,0],"21":[0,0],"22":[0,0],"23":[0,0],"24":[0,0],"25":[0,0],"26":[0,0],"27":[0,0],"28":[0,0]},"_coverageSchema":"1a1c01bbd47fc00a2c39e90264f33305004495a9","hash":"1ac67d6255b3598e04496457fa5a0c766c62a431"}
,"/Users/cms7739/github/spreadsheet-db/frontend/src/pages/HomePage.tsx": {"path":"/Users/cms7739/github/spreadsheet-db/frontend/src/pages/HomePage.tsx","statementMap":{"0":{"start":{"line":4,"column":34},"end":{"line":19,"column":1}},"1":{"start":{"line":5,"column":2},"end":{"line":18,"column":4}}},"fnMap":{"0":{"name":"(anonymous_0)","decl":{"start":{"line":4,"column":34},"end":{"line":4,"column":35}},"loc":{"start":{"line":4,"column":40},"end":{"line":19,"column":1}},"line":4}},"branchMap":{},"s":{"0":2,"1":2},"f":{"0":2},"b":{},"_coverageSchema":"1a1c01bbd47fc00a2c39e90264f33305004495a9","hash":"ce42e029d4b21701c495711eaf42e7f157862efd"}
,"/Users/cms7739/github/spreadsheet-db/frontend/src/pages/TablePage.tsx": {"path":"/Users/cms7739/github/spreadsheet-db/frontend/src/pages/TablePage.tsx","statementMap":{"0":{"start":{"line":9,"column":51},"end":{"line":20,"column":1}},"1":{"start":{"line":10,"column":2},"end":{"line":19,"column":4}}},"fnMap":{"0":{"name":"(anonymous_0)","decl":{"start":{"line":9,"column":51},"end":{"line":9,"column":52}},"loc":{"start":{"line":9,"column":70},"end":{"line":20,"column":1}},"line":9}},"branchMap":{},"s":{"0":2,"1":2},"f":{"0":2},"b":{},"_coverageSchema":"1a1c01bbd47fc00a2c39e90264f33305004495a9","hash":"bac6bea0f9f997b827554fa394b956c42e561a8d"}
,"/Users/cms7739/github/spreadsheet-db/frontend/src/utils/validation.ts": {"path":"/Users/cms7739/github/spreadsheet-db/frontend/src/utils/validation.ts","statementMap":{"0":{"start":{"line":3,"column":32},"end":{"line":16,"column":1}},"1":{"start":{"line":4,"column":4},"end":{"line":6,"column":5}},"2":{"start":{"line":5,"column":8},"end":{"line":5,"column":21}},"3":{"start":{"line":7,"column":4},"end":{"line":15,"column":5}},"4":{"start":{"line":8,"column":24},"end":{"line":8,"column":64}},"5":{"start":{"line":9,"column":22},"end":{"line":9,"column":50}},"6":{"start":{"line":10,"column":24},"end":{"line":10,"column":57}},"7":{"start":{"line":11,"column":24},"end":{"line":11,"column":99}},"8":{"start":{"line":12,"column":21},"end":{"line":12,"column":63}},"9":{"start":{"line":13,"column":25},"end":{"line":13,"column":85}},"10":{"start":{"line":14,"column":17},"end":{"line":14,"column":30}},"11":{"start":{"line":18,"column":32},"end":{"line":25,"column":1}},"12":{"start":{"line":19,"column":4},"end":{"line":24,"column":7}},"13":{"start":{"line":20,"column":8},"end":{"line":22,"column":9}},"14":{"start":{"line":21,"column":12},"end":{"line":21,"column":24}},"15":{"start":{"line":23,"column":8},"end":{"line":23,"column":109}}},"fnMap":{"0":{"name":"(anonymous_0)","decl":{"start":{"line":3,"column":32},"end":{"line":3,"column":33}},"loc":{"start":{"line":3,"column":71},"end":{"line":16,"column":1}},"line":3},"1":{"name":"(anonymous_1)","decl":{"start":{"line":18,"column":32},"end":{"line":18,"column":33}},"loc":{"start":{"line":18,"column":82},"end":{"line":25,"column":1}},"line":18},"2":{"name":"(anonymous_2)","decl":{"start":{"line":19,"column":25},"end":{"line":19,"column":26}},"loc":{"start":{"line":19,"column":35},"end":{"line":24,"column":5}},"line":19}},"branchMap":{"0":{"loc":{"start":{"line":4,"column":4},"end":{"line":6,"column":5}},"type":"if","locations":[{"start":{"line":4,"column":4},"end":{"line":6,"column":5}},{"start":{},"end":{}}],"line":4},"1":{"loc":{"start":{"line":7,"column":4},"end":{"line":15,"column":5}},"type":"switch","locations":[{"start":{"line":8,"column":8},"end":{"line":8,"column":64}},{"start":{"line":9,"column":8},"end":{"line":9,"column":50}},{"start":{"line":10,"column":8},"end":{"line":10,"column":57}},{"start":{"line":11,"column":8},"end":{"line":11,"column":99}},{"start":{"line":12,"column":8},"end":{"line":12,"column":63}},{"start":{"line":13,"column":8},"end":{"line":13,"column":85}},{"start":{"line":14,"column":8},"end":{"line":14,"column":30}}],"line":7},"2":{"loc":{"start":{"line":11,"column":31},"end":{"line":11,"column":98}},"type":"binary-expr","locations":[{"start":{"line":11,"column":31},"end":{"line":11,"column":57}},{"start":{"line":11,"column":61},"end":{"line":11,"column":77}},{"start":{"line":11,"column":81},"end":{"line":11,"column":98}}],"line":11},"3":{"loc":{"start":{"line":20,"column":8},"end":{"line":22,"column":9}},"type":"if","locations":[{"start":{"line":20,"column":8},"end":{"line":22,"column":9}},{"start":{},"end":{}}],"line":20},"4":{"loc":{"start":{"line":20,"column":12},"end":{"line":20,"column":101}},"type":"binary-expr","locations":[{"start":{"line":20,"column":12},"end":{"line":20,"column":47}},{"start":{"line":20,"column":51},"end":{"line":20,"column":101}}],"line":20},"5":{"loc":{"start":{"line":23,"column":15},"end":{"line":23,"column":108}},"type":"cond-expr","locations":[{"start":{"line":23,"column":40},"end":{"line":23,"column":100}},{"start":{"line":23,"column":103},"end":{"line":23,"column":108}}],"line":23}},"s":{"0":2,"1":54,"2":3,"3":51,"4":10,"5":10,"6":8,"7":9,"8":7,"9":6,"10":1,"11":2,"12":10,"13":40,"14":0,"15":40},"f":{"0":54,"1":10,"2":40},"b":{"0":[3,51],"1":[10,10,8,9,7,6,1],"2":[9,8,2],"3":[0,40],"4":[40,40],"5":[39,1]},"_coverageSchema":"1a1c01bbd47fc00a2c39e90264f33305004495a9","hash":"97f823b59b4b229064b54e4bf2ed0b229a078937"}
,"/Users/cms7739/github/spreadsheet-db/frontend/src/utils/xlsxParser.ts": {"path":"/Users/cms7739/github/spreadsheet-db/frontend/src/utils/xlsxParser.ts","statementMap":{"0":{"start":{"line":4,"column":25},"end":{"line":47,"column":1}},"1":{"start":{"line":5,"column":2},"end":{"line":46,"column":5}},"2":{"start":{"line":6,"column":19},"end":{"line":6,"column":35}},"3":{"start":{"line":7,"column":4},"end":{"line":43,"column":6}},"4":{"start":{"line":8,"column":19},"end":{"line":8,"column":35}},"5":{"start":{"line":9,"column":23},"end":{"line":9,"column":58}},"6":{"start":{"line":10,"column":24},"end":{"line":10,"column":46}},"7":{"start":{"line":11,"column":24},"end":{"line":11,"column":50}},"8":{"start":{"line":12,"column":28},"end":{"line":12,"column":89}},"9":{"start":{"line":13,"column":22},"end":{"line":13,"column":89}},"10":{"start":{"line":13,"column":57},"end":{"line":13,"column":88}},"11":{"start":{"line":14,"column":27},"end":{"line":16,"column":51}},"12":{"start":{"line":15,"column":26},"end":{"line":15,"column":52}},"13":{"start":{"line":16,"column":23},"end":{"line":16,"column":50}},"14":{"start":{"line":18,"column":22},"end":{"line":18,"column":76}},"15":{"start":{"line":18,"column":46},"end":{"line":18,"column":75}},"16":{"start":{"line":20,"column":6},"end":{"line":42,"column":7}},"17":{"start":{"line":21,"column":32},"end":{"line":37,"column":10}},"18":{"start":{"line":22,"column":25},"end":{"line":31,"column":16}},"19":{"start":{"line":23,"column":28},"end":{"line":23,"column":42}},"20":{"start":{"line":24,"column":12},"end":{"line":28,"column":13}},"21":{"start":{"line":25,"column":14},"end":{"line":25,"column":31}},"22":{"start":{"line":26,"column":19},"end":{"line":28,"column":13}},"23":{"start":{"line":27,"column":14},"end":{"line":27,"column":32}},"24":{"start":{"line":29,"column":12},"end":{"line":29,"column":36}},"25":{"start":{"line":30,"column":12},"end":{"line":30,"column":23}},"26":{"start":{"line":33,"column":10},"end":{"line":36,"column":12}},"27":{"start":{"line":39,"column":8},"end":{"line":39,"column":80}},"28":{"start":{"line":41,"column":8},"end":{"line":41,"column":46}},"29":{"start":{"line":44,"column":4},"end":{"line":44,"column":46}},"30":{"start":{"line":44,"column":32},"end":{"line":44,"column":45}},"31":{"start":{"line":45,"column":4},"end":{"line":45,"column":36}}},"fnMap":{"0":{"name":"(anonymous_0)","decl":{"start":{"line":4,"column":25},"end":{"line":4,"column":26}},"loc":{"start":{"line":4,"column":132},"end":{"line":47,"column":1}},"line":4},"1":{"name":"(anonymous_1)","decl":{"start":{"line":5,"column":21},"end":{"line":5,"column":22}},"loc":{"start":{"line":5,"column":42},"end":{"line":46,"column":3}},"line":5},"2":{"name":"(anonymous_2)","decl":{"start":{"line":7,"column":20},"end":{"line":7,"column":21}},"loc":{"start":{"line":7,"column":54},"end":{"line":43,"column":5}},"line":7},"3":{"name":"(anonymous_3)","decl":{"start":{"line":13,"column":47},"end":{"line":13,"column":48}},"loc":{"start":{"line":13,"column":57},"end":{"line":13,"column":88}},"line":13},"4":{"name":"(anonymous_4)","decl":{"start":{"line":15,"column":16},"end":{"line":15,"column":17}},"loc":{"start":{"line":15,"column":26},"end":{"line":15,"column":52}},"line":15},"5":{"name":"(anonymous_5)","decl":{"start":{"line":16,"column":13},"end":{"line":16,"column":14}},"loc":{"start":{"line":16,"column":23},"end":{"line":16,"column":50}},"line":16},"6":{"name":"(anonymous_6)","decl":{"start":{"line":18,"column":36},"end":{"line":18,"column":37}},"loc":{"start":{"line":18,"column":46},"end":{"line":18,"column":75}},"line":18},"7":{"name":"(anonymous_7)","decl":{"start":{"line":21,"column":41},"end":{"line":21,"column":42}},"loc":{"start":{"line":21,"column":57},"end":{"line":37,"column":9}},"line":21},"8":{"name":"(anonymous_8)","decl":{"start":{"line":22,"column":61},"end":{"line":22,"column":62}},"loc":{"start":{"line":22,"column":81},"end":{"line":31,"column":11}},"line":22},"9":{"name":"(anonymous_9)","decl":{"start":{"line":44,"column":21},"end":{"line":44,"column":22}},"loc":{"start":{"line":44,"column":32},"end":{"line":44,"column":45}},"line":44}},"branchMap":{"0":{"loc":{"start":{"line":13,"column":23},"end":{"line":13,"column":41}},"type":"binary-expr","locations":[{"start":{"line":13,"column":23},"end":{"line":13,"column":35}},{"start":{"line":13,"column":39},"end":{"line":13,"column":41}}],"line":13},"1":{"loc":{"start":{"line":20,"column":6},"end":{"line":42,"column":7}},"type":"if","locations":[{"start":{"line":20,"column":6},"end":{"line":42,"column":7}},{"start":{"line":40,"column":13},"end":{"line":42,"column":7}}],"line":20},"2":{"loc":{"start":{"line":23,"column":28},"end":{"line":23,"column":42}},"type":"binary-expr","locations":[{"start":{"line":23,"column":28},"end":{"line":23,"column":34}},{"start":{"line":23,"column":38},"end":{"line":23,"column":42}}],"line":23},"3":{"loc":{"start":{"line":24,"column":12},"end":{"line":28,"column":13}},"type":"if","locations":[{"start":{"line":24,"column":12},"end":{"line":28,"column":13}},{"start":{"line":26,"column":19},"end":{"line":28,"column":13}}],"line":24},"4":{"loc":{"start":{"line":26,"column":19},"end":{"line":28,"column":13}},"type":"if","locations":[{"start":{"line":26,"column":19},"end":{"line":28,"column":13}},{"start":{},"end":{}}],"line":26}},"s":{"0":2,"1":5,"2":5,"3":5,"4":4,"5":4,"6":4,"7":4,"8":4,"9":4,"10":6,"11":4,"12":8,"13":8,"14":4,"15":6,"16":4,"17":3,"18":3,"19":6,"20":6,"21":1,"22":5,"23":1,"24":6,"25":6,"26":3,"27":3,"28":1,"29":5,"30":1,"31":5},"f":{"0":5,"1":5,"2":4,"3":6,"4":8,"5":8,"6":6,"7":3,"8":6,"9":1},"b":{"0":[4,1],"1":[3,1],"2":[6,0],"3":[1,5],"4":[1,4]},"_coverageSchema":"1a1c01bbd47fc00a2c39e90264f33305004495a9","hash":"3237c97b7d998da88716f186c6a1d7b9288ae02b"}
}
